[splade] encoding 940 sessions + 500 questions with naver/splade-cocondenser-ensembledistil
Warning: You are sending unauthenticated requests to the HF Hub. Please set a HF_TOKEN to enable higher rate limits and faster downloads.
C:\Users\Platon\AppData\Roaming\Python\Python314\site-packages\huggingface_hub\file_download.py:138: UserWarning: `huggingface_hub` cache-system uses symlinks by default to efficiently store duplicated files but your machine does not support them in C:\Users\Platon\.cache\huggingface\hub\models--naver--splade-cocondenser-ensembledistil. Caching files will still work but in a degraded version that might require more space on your disk. This warning can be disabled by setting the `HF_HUB_DISABLE_SYMLINKS_WARNING` environment variable. For more details, see https://huggingface.co/docs/huggingface_hub/how-to-cache#limitations.
To support symlinks on Windows, you either need to activate Developer Mode or to run Python as an administrator. In order to activate developer mode, see this article: https://docs.microsoft.com/en-us/windows/apps/get-started/enable-your-device-for-development
  warnings.warn(message)
Loading weights:   0%|          | 0/204 [00:00<?, ?it/s]Loading weights: 100%|##########| 204/204 [00:00<00:00, 42619.95it/s]
  encoded 16/940 (1s)
  encoded 176/940 (3s)
  encoded 336/940 (6s)
  encoded 496/940 (8s)
  encoded 656/940 (10s)
  encoded 816/940 (12s)
Loading weights:   0%|          | 0/204 [00:00<?, ?it/s]Loading weights: 100%|##########| 204/204 [00:00<00:00, 29157.88it/s]
  encoded 16/500 (0s)
  encoded 176/500 (1s)
  encoded 336/500 (1s)
  encoded 496/500 (2s)
[splade] cached \u2192 _splade_sparse.json
==========================================================================
  SPLADE vs BM25 as the lexical arm — 500 q / 940 sessions
==========================================================================
  method                           R@1     R@3     R@5    R@10     MRR
  calibrated(dense,BM25)         0.550   0.722   0.802   0.858   0.657
  SPLADE alone                   0.474   0.640   0.708   0.794   0.578
  calibrated(dense,SPLADE)       0.466   0.648   0.720   0.806   0.580
  calibrated(dense,BM25+SPLADE)   0.518   0.698   0.768   0.834   0.631

  → R@5 SPLADE 0.720 vs BM25 0.802 (-0.082) — NO WIN — BM25 matches/beats SPLADE here; keep stdlib BM25 (honest negative)
==========================================================================
